CRITICAL - 2020-12-21 20:03:03 --> Unable to connect to the database.
#0 C:\xampp\htdocs\crud_ci4\system\Database\BaseConnection.php(646): CodeIgniter\Database\BaseConnection->initialize()
#1 C:\xampp\htdocs\crud_ci4\system\Database\BaseBuilder.php(1860): CodeIgniter\Database\BaseConnection->query('SELECT *\nFROM `...', Array, false)
#2 C:\xampp\htdocs\crud_ci4\app\Models\ProductModel.php(12): CodeIgniter\Database\BaseBuilder->get()
#3 C:\xampp\htdocs\crud_ci4\app\Controllers\Product.php(23): App\Models\ProductModel->getProduct()
#4 C:\xampp\htdocs\crud_ci4\system\CodeIgniter.php(918): App\Controllers\Product->index()
#5 C:\xampp\htdocs\crud_ci4\system\CodeIgniter.php(404): CodeIgniter\CodeIgniter->runController(Object(App\Controllers\Product))
#6 C:\xampp\htdocs\crud_ci4\system\CodeIgniter.php(312): CodeIgniter\CodeIgniter->handleRequest(NULL, Object(Config\Cache), false)
#7 C:\xampp\htdocs\crud_ci4\public\index.php(45): CodeIgniter\CodeIgniter->run()
#8 C:\xampp\htdocs\crud_ci4\system\Commands\Server\rewrite.php(34): require_once('C:\\xampp\\htdocs...')
#9 {main}
CRITICAL - 2020-12-21 20:05:40 --> Invalid file: product/index.php
#0 C:\xampp\htdocs\crud_ci4\system\View\View.php(228): CodeIgniter\Exceptions\FrameworkException::forInvalidFile('product/index.p...')
#1 C:\xampp\htdocs\crud_ci4\system\Common.php(1119): CodeIgniter\View\View->render('product/index', Array, true)
#2 C:\xampp\htdocs\crud_ci4\app\Controllers\Product.php(24): view('product/index', Array)
#3 C:\xampp\htdocs\crud_ci4\system\CodeIgniter.php(918): App\Controllers\Product->index()
#4 C:\xampp\htdocs\crud_ci4\system\CodeIgniter.php(404): CodeIgniter\CodeIgniter->runController(Object(App\Controllers\Product))
#5 C:\xampp\htdocs\crud_ci4\system\CodeIgniter.php(312): CodeIgniter\CodeIgniter->handleRequest(NULL, Object(Config\Cache), false)
#6 C:\xampp\htdocs\crud_ci4\public\index.php(45): CodeIgniter\CodeIgniter->run()
#7 C:\xampp\htdocs\crud_ci4\system\Commands\Server\rewrite.php(34): require_once('C:\\xampp\\htdocs...')
#8 {main}
CRITICAL - 2020-12-21 20:09:02 --> Cannot use object of type stdClass as array
#0 C:\xampp\htdocs\crud_ci4\system\View\View.php(246): include()
#1 C:\xampp\htdocs\crud_ci4\system\Common.php(1119): CodeIgniter\View\View->render('product/index', Array, true)
#2 C:\xampp\htdocs\crud_ci4\app\Controllers\Product.php(24): view('product/index', Array)
#3 C:\xampp\htdocs\crud_ci4\system\CodeIgniter.php(918): App\Controllers\Product->index()
#4 C:\xampp\htdocs\crud_ci4\system\CodeIgniter.php(404): CodeIgniter\CodeIgniter->runController(Object(App\Controllers\Product))
#5 C:\xampp\htdocs\crud_ci4\system\CodeIgniter.php(312): CodeIgniter\CodeIgniter->handleRequest(NULL, Object(Config\Cache), false)
#6 C:\xampp\htdocs\crud_ci4\public\index.php(45): CodeIgniter\CodeIgniter->run()
#7 C:\xampp\htdocs\crud_ci4\system\Commands\Server\rewrite.php(34): require_once('C:\\xampp\\htdocs...')
#8 {main}
CRITICAL - 2020-12-21 20:11:09 --> Cannot use object of type stdClass as array
#0 C:\xampp\htdocs\crud_ci4\system\View\View.php(246): include()
#1 C:\xampp\htdocs\crud_ci4\system\Common.php(1119): CodeIgniter\View\View->render('product/index', Array, true)
#2 C:\xampp\htdocs\crud_ci4\app\Controllers\Product.php(26): view('product/index', Array)
#3 C:\xampp\htdocs\crud_ci4\system\CodeIgniter.php(918): App\Controllers\Product->index()
#4 C:\xampp\htdocs\crud_ci4\system\CodeIgniter.php(404): CodeIgniter\CodeIgniter->runController(Object(App\Controllers\Product))
#5 C:\xampp\htdocs\crud_ci4\system\CodeIgniter.php(312): CodeIgniter\CodeIgniter->handleRequest(NULL, Object(Config\Cache), false)
#6 C:\xampp\htdocs\crud_ci4\public\index.php(45): CodeIgniter\CodeIgniter->run()
#7 C:\xampp\htdocs\crud_ci4\system\Commands\Server\rewrite.php(34): require_once('C:\\xampp\\htdocs...')
#8 {main}
CRITICAL - 2020-12-21 20:11:11 --> Cannot use object of type stdClass as array
#0 C:\xampp\htdocs\crud_ci4\system\View\View.php(246): include()
#1 C:\xampp\htdocs\crud_ci4\system\Common.php(1119): CodeIgniter\View\View->render('product/index', Array, true)
#2 C:\xampp\htdocs\crud_ci4\app\Controllers\Product.php(26): view('product/index', Array)
#3 C:\xampp\htdocs\crud_ci4\system\CodeIgniter.php(918): App\Controllers\Product->index()
#4 C:\xampp\htdocs\crud_ci4\system\CodeIgniter.php(404): CodeIgniter\CodeIgniter->runController(Object(App\Controllers\Product))
#5 C:\xampp\htdocs\crud_ci4\system\CodeIgniter.php(312): CodeIgniter\CodeIgniter->handleRequest(NULL, Object(Config\Cache), false)
#6 C:\xampp\htdocs\crud_ci4\public\index.php(45): CodeIgniter\CodeIgniter->run()
#7 C:\xampp\htdocs\crud_ci4\system\Commands\Server\rewrite.php(34): require_once('C:\\xampp\\htdocs...')
#8 {main}
CRITICAL - 2020-12-21 20:11:13 --> Cannot use object of type stdClass as array
#0 C:\xampp\htdocs\crud_ci4\system\View\View.php(246): include()
#1 C:\xampp\htdocs\crud_ci4\system\Common.php(1119): CodeIgniter\View\View->render('product/index', Array, true)
#2 C:\xampp\htdocs\crud_ci4\app\Controllers\Product.php(26): view('product/index', Array)
#3 C:\xampp\htdocs\crud_ci4\system\CodeIgniter.php(918): App\Controllers\Product->index()
#4 C:\xampp\htdocs\crud_ci4\system\CodeIgniter.php(404): CodeIgniter\CodeIgniter->runController(Object(App\Controllers\Product))
#5 C:\xampp\htdocs\crud_ci4\system\CodeIgniter.php(312): CodeIgniter\CodeIgniter->handleRequest(NULL, Object(Config\Cache), false)
#6 C:\xampp\htdocs\crud_ci4\public\index.php(45): CodeIgniter\CodeIgniter->run()
#7 C:\xampp\htdocs\crud_ci4\system\Commands\Server\rewrite.php(34): require_once('C:\\xampp\\htdocs...')
#8 {main}
CRITICAL - 2020-12-21 20:11:16 --> Cannot use object of type stdClass as array
#0 C:\xampp\htdocs\crud_ci4\system\View\View.php(246): include()
#1 C:\xampp\htdocs\crud_ci4\system\Common.php(1119): CodeIgniter\View\View->render('product/index', Array, true)
#2 C:\xampp\htdocs\crud_ci4\app\Controllers\Product.php(26): view('product/index', Array)
#3 C:\xampp\htdocs\crud_ci4\system\CodeIgniter.php(918): App\Controllers\Product->index()
#4 C:\xampp\htdocs\crud_ci4\system\CodeIgniter.php(404): CodeIgniter\CodeIgniter->runController(Object(App\Controllers\Product))
#5 C:\xampp\htdocs\crud_ci4\system\CodeIgniter.php(312): CodeIgniter\CodeIgniter->handleRequest(NULL, Object(Config\Cache), false)
#6 C:\xampp\htdocs\crud_ci4\public\index.php(45): CodeIgniter\CodeIgniter->run()
#7 C:\xampp\htdocs\crud_ci4\system\Commands\Server\rewrite.php(34): require_once('C:\\xampp\\htdocs...')
#8 {main}
CRITICAL - 2020-12-21 20:11:17 --> Cannot use object of type stdClass as array
#0 C:\xampp\htdocs\crud_ci4\system\View\View.php(246): include()
#1 C:\xampp\htdocs\crud_ci4\system\Common.php(1119): CodeIgniter\View\View->render('product/index', Array, true)
#2 C:\xampp\htdocs\crud_ci4\app\Controllers\Product.php(26): view('product/index', Array)
#3 C:\xampp\htdocs\crud_ci4\system\CodeIgniter.php(918): App\Controllers\Product->index()
#4 C:\xampp\htdocs\crud_ci4\system\CodeIgniter.php(404): CodeIgniter\CodeIgniter->runController(Object(App\Controllers\Product))
#5 C:\xampp\htdocs\crud_ci4\system\CodeIgniter.php(312): CodeIgniter\CodeIgniter->handleRequest(NULL, Object(Config\Cache), false)
#6 C:\xampp\htdocs\crud_ci4\public\index.php(45): CodeIgniter\CodeIgniter->run()
#7 C:\xampp\htdocs\crud_ci4\system\Commands\Server\rewrite.php(34): require_once('C:\\xampp\\htdocs...')
#8 {main}
CRITICAL - 2020-12-21 20:11:17 --> Cannot use object of type stdClass as array
#0 C:\xampp\htdocs\crud_ci4\system\View\View.php(246): include()
#1 C:\xampp\htdocs\crud_ci4\system\Common.php(1119): CodeIgniter\View\View->render('product/index', Array, true)
#2 C:\xampp\htdocs\crud_ci4\app\Controllers\Product.php(26): view('product/index', Array)
#3 C:\xampp\htdocs\crud_ci4\system\CodeIgniter.php(918): App\Controllers\Product->index()
#4 C:\xampp\htdocs\crud_ci4\system\CodeIgniter.php(404): CodeIgniter\CodeIgniter->runController(Object(App\Controllers\Product))
#5 C:\xampp\htdocs\crud_ci4\system\CodeIgniter.php(312): CodeIgniter\CodeIgniter->handleRequest(NULL, Object(Config\Cache), false)
#6 C:\xampp\htdocs\crud_ci4\public\index.php(45): CodeIgniter\CodeIgniter->run()
#7 C:\xampp\htdocs\crud_ci4\system\Commands\Server\rewrite.php(34): require_once('C:\\xampp\\htdocs...')
#8 {main}
CRITICAL - 2020-12-21 20:11:18 --> Cannot use object of type stdClass as array
#0 C:\xampp\htdocs\crud_ci4\system\View\View.php(246): include()
#1 C:\xampp\htdocs\crud_ci4\system\Common.php(1119): CodeIgniter\View\View->render('product/index', Array, true)
#2 C:\xampp\htdocs\crud_ci4\app\Controllers\Product.php(26): view('product/index', Array)
#3 C:\xampp\htdocs\crud_ci4\system\CodeIgniter.php(918): App\Controllers\Product->index()
#4 C:\xampp\htdocs\crud_ci4\system\CodeIgniter.php(404): CodeIgniter\CodeIgniter->runController(Object(App\Controllers\Product))
#5 C:\xampp\htdocs\crud_ci4\system\CodeIgniter.php(312): CodeIgniter\CodeIgniter->handleRequest(NULL, Object(Config\Cache), false)
#6 C:\xampp\htdocs\crud_ci4\public\index.php(45): CodeIgniter\CodeIgniter->run()
#7 C:\xampp\htdocs\crud_ci4\system\Commands\Server\rewrite.php(34): require_once('C:\\xampp\\htdocs...')
#8 {main}
CRITICAL - 2020-12-21 20:11:18 --> Cannot use object of type stdClass as array
#0 C:\xampp\htdocs\crud_ci4\system\View\View.php(246): include()
#1 C:\xampp\htdocs\crud_ci4\system\Common.php(1119): CodeIgniter\View\View->render('product/index', Array, true)
#2 C:\xampp\htdocs\crud_ci4\app\Controllers\Product.php(26): view('product/index', Array)
#3 C:\xampp\htdocs\crud_ci4\system\CodeIgniter.php(918): App\Controllers\Product->index()
#4 C:\xampp\htdocs\crud_ci4\system\CodeIgniter.php(404): CodeIgniter\CodeIgniter->runController(Object(App\Controllers\Product))
#5 C:\xampp\htdocs\crud_ci4\system\CodeIgniter.php(312): CodeIgniter\CodeIgniter->handleRequest(NULL, Object(Config\Cache), false)
#6 C:\xampp\htdocs\crud_ci4\public\index.php(45): CodeIgniter\CodeIgniter->run()
#7 C:\xampp\htdocs\crud_ci4\system\Commands\Server\rewrite.php(34): require_once('C:\\xampp\\htdocs...')
#8 {main}
CRITICAL - 2020-12-21 20:11:19 --> Cannot use object of type stdClass as array
#0 C:\xampp\htdocs\crud_ci4\system\View\View.php(246): include()
#1 C:\xampp\htdocs\crud_ci4\system\Common.php(1119): CodeIgniter\View\View->render('product/index', Array, true)
#2 C:\xampp\htdocs\crud_ci4\app\Controllers\Product.php(26): view('product/index', Array)
#3 C:\xampp\htdocs\crud_ci4\system\CodeIgniter.php(918): App\Controllers\Product->index()
#4 C:\xampp\htdocs\crud_ci4\system\CodeIgniter.php(404): CodeIgniter\CodeIgniter->runController(Object(App\Controllers\Product))
#5 C:\xampp\htdocs\crud_ci4\system\CodeIgniter.php(312): CodeIgniter\CodeIgniter->handleRequest(NULL, Object(Config\Cache), false)
#6 C:\xampp\htdocs\crud_ci4\public\index.php(45): CodeIgniter\CodeIgniter->run()
#7 C:\xampp\htdocs\crud_ci4\system\Commands\Server\rewrite.php(34): require_once('C:\\xampp\\htdocs...')
#8 {main}
CRITICAL - 2020-12-21 20:11:19 --> Cannot use object of type stdClass as array
#0 C:\xampp\htdocs\crud_ci4\system\View\View.php(246): include()
#1 C:\xampp\htdocs\crud_ci4\system\Common.php(1119): CodeIgniter\View\View->render('product/index', Array, true)
#2 C:\xampp\htdocs\crud_ci4\app\Controllers\Product.php(26): view('product/index', Array)
#3 C:\xampp\htdocs\crud_ci4\system\CodeIgniter.php(918): App\Controllers\Product->index()
#4 C:\xampp\htdocs\crud_ci4\system\CodeIgniter.php(404): CodeIgniter\CodeIgniter->runController(Object(App\Controllers\Product))
#5 C:\xampp\htdocs\crud_ci4\system\CodeIgniter.php(312): CodeIgniter\CodeIgniter->handleRequest(NULL, Object(Config\Cache), false)
#6 C:\xampp\htdocs\crud_ci4\public\index.php(45): CodeIgniter\CodeIgniter->run()
#7 C:\xampp\htdocs\crud_ci4\system\Commands\Server\rewrite.php(34): require_once('C:\\xampp\\htdocs...')
#8 {main}
CRITICAL - 2020-12-21 20:11:19 --> Cannot use object of type stdClass as array
#0 C:\xampp\htdocs\crud_ci4\system\View\View.php(246): include()
#1 C:\xampp\htdocs\crud_ci4\system\Common.php(1119): CodeIgniter\View\View->render('product/index', Array, true)
#2 C:\xampp\htdocs\crud_ci4\app\Controllers\Product.php(26): view('product/index', Array)
#3 C:\xampp\htdocs\crud_ci4\system\CodeIgniter.php(918): App\Controllers\Product->index()
#4 C:\xampp\htdocs\crud_ci4\system\CodeIgniter.php(404): CodeIgniter\CodeIgniter->runController(Object(App\Controllers\Product))
#5 C:\xampp\htdocs\crud_ci4\system\CodeIgniter.php(312): CodeIgniter\CodeIgniter->handleRequest(NULL, Object(Config\Cache), false)
#6 C:\xampp\htdocs\crud_ci4\public\index.php(45): CodeIgniter\CodeIgniter->run()
#7 C:\xampp\htdocs\crud_ci4\system\Commands\Server\rewrite.php(34): require_once('C:\\xampp\\htdocs...')
#8 {main}
CRITICAL - 2020-12-21 20:11:20 --> Cannot use object of type stdClass as array
#0 C:\xampp\htdocs\crud_ci4\system\View\View.php(246): include()
#1 C:\xampp\htdocs\crud_ci4\system\Common.php(1119): CodeIgniter\View\View->render('product/index', Array, true)
#2 C:\xampp\htdocs\crud_ci4\app\Controllers\Product.php(26): view('product/index', Array)
#3 C:\xampp\htdocs\crud_ci4\system\CodeIgniter.php(918): App\Controllers\Product->index()
#4 C:\xampp\htdocs\crud_ci4\system\CodeIgniter.php(404): CodeIgniter\CodeIgniter->runController(Object(App\Controllers\Product))
#5 C:\xampp\htdocs\crud_ci4\system\CodeIgniter.php(312): CodeIgniter\CodeIgniter->handleRequest(NULL, Object(Config\Cache), false)
#6 C:\xampp\htdocs\crud_ci4\public\index.php(45): CodeIgniter\CodeIgniter->run()
#7 C:\xampp\htdocs\crud_ci4\system\Commands\Server\rewrite.php(34): require_once('C:\\xampp\\htdocs...')
#8 {main}
CRITICAL - 2020-12-21 20:11:20 --> Cannot use object of type stdClass as array
#0 C:\xampp\htdocs\crud_ci4\system\View\View.php(246): include()
#1 C:\xampp\htdocs\crud_ci4\system\Common.php(1119): CodeIgniter\View\View->render('product/index', Array, true)
#2 C:\xampp\htdocs\crud_ci4\app\Controllers\Product.php(26): view('product/index', Array)
#3 C:\xampp\htdocs\crud_ci4\system\CodeIgniter.php(918): App\Controllers\Product->index()
#4 C:\xampp\htdocs\crud_ci4\system\CodeIgniter.php(404): CodeIgniter\CodeIgniter->runController(Object(App\Controllers\Product))
#5 C:\xampp\htdocs\crud_ci4\system\CodeIgniter.php(312): CodeIgniter\CodeIgniter->handleRequest(NULL, Object(Config\Cache), false)
#6 C:\xampp\htdocs\crud_ci4\public\index.php(45): CodeIgniter\CodeIgniter->run()
#7 C:\xampp\htdocs\crud_ci4\system\Commands\Server\rewrite.php(34): require_once('C:\\xampp\\htdocs...')
#8 {main}
CRITICAL - 2020-12-21 20:12:12 --> Object of class stdClass could not be converted to number
#0 C:\xampp\htdocs\crud_ci4\app\Views\product\index.php(55): CodeIgniter\Debug\Exceptions->errorHandler(8, 'Object of class...', 'C:\\xampp\\htdocs...', 55, Array)
#1 C:\xampp\htdocs\crud_ci4\system\View\View.php(246): include('C:\\xampp\\htdocs...')
#2 C:\xampp\htdocs\crud_ci4\system\Common.php(1119): CodeIgniter\View\View->render('product/index', Array, true)
#3 C:\xampp\htdocs\crud_ci4\app\Controllers\Product.php(26): view('product/index', Array)
#4 C:\xampp\htdocs\crud_ci4\system\CodeIgniter.php(918): App\Controllers\Product->index()
#5 C:\xampp\htdocs\crud_ci4\system\CodeIgniter.php(404): CodeIgniter\CodeIgniter->runController(Object(App\Controllers\Product))
#6 C:\xampp\htdocs\crud_ci4\system\CodeIgniter.php(312): CodeIgniter\CodeIgniter->handleRequest(NULL, Object(Config\Cache), false)
#7 C:\xampp\htdocs\crud_ci4\public\index.php(45): CodeIgniter\CodeIgniter->run()
#8 C:\xampp\htdocs\crud_ci4\system\Commands\Server\rewrite.php(34): require_once('C:\\xampp\\htdocs...')
#9 {main}
CRITICAL - 2020-12-21 20:17:02 --> Undefined variable: data
#0 C:\xampp\htdocs\crud_ci4\app\Views\product\index.php(61): CodeIgniter\Debug\Exceptions->errorHandler(8, 'Undefined varia...', 'C:\\xampp\\htdocs...', 61, Array)
#1 C:\xampp\htdocs\crud_ci4\system\View\View.php(246): include('C:\\xampp\\htdocs...')
#2 C:\xampp\htdocs\crud_ci4\system\Common.php(1119): CodeIgniter\View\View->render('product/index', Array, true)
#3 C:\xampp\htdocs\crud_ci4\app\Controllers\Product.php(26): view('product/index', Array)
#4 C:\xampp\htdocs\crud_ci4\system\CodeIgniter.php(918): App\Controllers\Product->index()
#5 C:\xampp\htdocs\crud_ci4\system\CodeIgniter.php(404): CodeIgniter\CodeIgniter->runController(Object(App\Controllers\Product))
#6 C:\xampp\htdocs\crud_ci4\system\CodeIgniter.php(312): CodeIgniter\CodeIgniter->handleRequest(NULL, Object(Config\Cache), false)
#7 C:\xampp\htdocs\crud_ci4\public\index.php(45): CodeIgniter\CodeIgniter->run()
#8 C:\xampp\htdocs\crud_ci4\system\Commands\Server\rewrite.php(34): require_once('C:\\xampp\\htdocs...')
#9 {main}
CRITICAL - 2020-12-21 20:17:30 --> Undefined variable: data
#0 C:\xampp\htdocs\crud_ci4\app\Views\product\index.php(62): CodeIgniter\Debug\Exceptions->errorHandler(8, 'Undefined varia...', 'C:\\xampp\\htdocs...', 62, Array)
#1 C:\xampp\htdocs\crud_ci4\system\View\View.php(246): include('C:\\xampp\\htdocs...')
#2 C:\xampp\htdocs\crud_ci4\system\Common.php(1119): CodeIgniter\View\View->render('product/index', Array, true)
#3 C:\xampp\htdocs\crud_ci4\app\Controllers\Product.php(26): view('product/index', Array)
#4 C:\xampp\htdocs\crud_ci4\system\CodeIgniter.php(918): App\Controllers\Product->index()
#5 C:\xampp\htdocs\crud_ci4\system\CodeIgniter.php(404): CodeIgniter\CodeIgniter->runController(Object(App\Controllers\Product))
#6 C:\xampp\htdocs\crud_ci4\system\CodeIgniter.php(312): CodeIgniter\CodeIgniter->handleRequest(NULL, Object(Config\Cache), false)
#7 C:\xampp\htdocs\crud_ci4\public\index.php(45): CodeIgniter\CodeIgniter->run()
#8 C:\xampp\htdocs\crud_ci4\system\Commands\Server\rewrite.php(34): require_once('C:\\xampp\\htdocs...')
#9 {main}
CRITICAL - 2020-12-21 20:39:52 --> Undefined property: App\Controllers\Product::$form_validation
#0 C:\xampp\htdocs\crud_ci4\app\Controllers\Product.php(31): CodeIgniter\Debug\Exceptions->errorHandler(8, 'Undefined prope...', 'C:\\xampp\\htdocs...', 31, Array)
#1 C:\xampp\htdocs\crud_ci4\system\CodeIgniter.php(918): App\Controllers\Product->create()
#2 C:\xampp\htdocs\crud_ci4\system\CodeIgniter.php(404): CodeIgniter\CodeIgniter->runController(Object(App\Controllers\Product))
#3 C:\xampp\htdocs\crud_ci4\system\CodeIgniter.php(312): CodeIgniter\CodeIgniter->handleRequest(NULL, Object(Config\Cache), false)
#4 C:\xampp\htdocs\crud_ci4\public\index.php(45): CodeIgniter\CodeIgniter->run()
#5 C:\xampp\htdocs\crud_ci4\system\Commands\Server\rewrite.php(34): require_once('C:\\xampp\\htdocs...')
#6 {main}
CRITICAL - 2020-12-21 21:07:37 --> Undefined property: App\Controllers\Product::$prouct
#0 C:\xampp\htdocs\crud_ci4\app\Controllers\Product.php(46): CodeIgniter\Debug\Exceptions->errorHandler(8, 'Undefined prope...', 'C:\\xampp\\htdocs...', 46, Array)
#1 C:\xampp\htdocs\crud_ci4\system\CodeIgniter.php(918): App\Controllers\Product->create()
#2 C:\xampp\htdocs\crud_ci4\system\CodeIgniter.php(404): CodeIgniter\CodeIgniter->runController(Object(App\Controllers\Product))
#3 C:\xampp\htdocs\crud_ci4\system\CodeIgniter.php(312): CodeIgniter\CodeIgniter->handleRequest(NULL, Object(Config\Cache), false)
#4 C:\xampp\htdocs\crud_ci4\public\index.php(45): CodeIgniter\CodeIgniter->run()
#5 C:\xampp\htdocs\crud_ci4\system\Commands\Server\rewrite.php(34): require_once('C:\\xampp\\htdocs...')
#6 {main}
CRITICAL - 2020-12-21 21:46:30 --> Argument 1 passed to CodeIgniter\Database\BaseBuilder::update() must be of the type array or null, string given, called in C:\xampp\htdocs\crud_ci4\app\Models\ProductModel.php on line 32
#0 C:\xampp\htdocs\crud_ci4\app\Models\ProductModel.php(32): CodeIgniter\Database\BaseBuilder->update('4', Array)
#1 C:\xampp\htdocs\crud_ci4\app\Controllers\Product.php(73): App\Models\ProductModel->updateProduct('4', Array)
#2 C:\xampp\htdocs\crud_ci4\system\CodeIgniter.php(918): App\Controllers\Product->edit('4')
#3 C:\xampp\htdocs\crud_ci4\system\CodeIgniter.php(404): CodeIgniter\CodeIgniter->runController(Object(App\Controllers\Product))
#4 C:\xampp\htdocs\crud_ci4\system\CodeIgniter.php(312): CodeIgniter\CodeIgniter->handleRequest(NULL, Object(Config\Cache), false)
#5 C:\xampp\htdocs\crud_ci4\public\index.php(45): CodeIgniter\CodeIgniter->run()
#6 C:\xampp\htdocs\crud_ci4\system\Commands\Server\rewrite.php(34): require_once('C:\\xampp\\htdocs...')
#7 {main}
CRITICAL - 2020-12-21 21:48:30 --> Unknown column 'id' in 'where clause'
#0 C:\xampp\htdocs\crud_ci4\system\Database\MySQLi\Connection.php(331): mysqli->query('UPDATE `product...')
#1 C:\xampp\htdocs\crud_ci4\system\Database\BaseConnection.php(741): CodeIgniter\Database\MySQLi\Connection->execute('UPDATE `product...')
#2 C:\xampp\htdocs\crud_ci4\system\Database\BaseConnection.php(669): CodeIgniter\Database\BaseConnection->simpleQuery('UPDATE `product...')
#3 C:\xampp\htdocs\crud_ci4\system\Database\BaseBuilder.php(2456): CodeIgniter\Database\BaseConnection->query('UPDATE `product...', Array, false)
#4 C:\xampp\htdocs\crud_ci4\app\Models\ProductModel.php(34): CodeIgniter\Database\BaseBuilder->update(Array)
#5 C:\xampp\htdocs\crud_ci4\app\Controllers\Product.php(73): App\Models\ProductModel->updateProduct('4', Array)
#6 C:\xampp\htdocs\crud_ci4\system\CodeIgniter.php(918): App\Controllers\Product->edit('4')
#7 C:\xampp\htdocs\crud_ci4\system\CodeIgniter.php(404): CodeIgniter\CodeIgniter->runController(Object(App\Controllers\Product))
#8 C:\xampp\htdocs\crud_ci4\system\CodeIgniter.php(312): CodeIgniter\CodeIgniter->handleRequest(NULL, Object(Config\Cache), false)
#9 C:\xampp\htdocs\crud_ci4\public\index.php(45): CodeIgniter\CodeIgniter->run()
#10 C:\xampp\htdocs\crud_ci4\system\Commands\Server\rewrite.php(34): require_once('C:\\xampp\\htdocs...')
#11 {main}
CRITICAL - 2020-12-21 22:33:03 --> Unknown column 'product' in 'where clause'
#0 C:\xampp\htdocs\crud_ci4\system\Database\MySQLi\Connection.php(331): mysqli->query('DELETE FROM `pr...')
#1 C:\xampp\htdocs\crud_ci4\system\Database\BaseConnection.php(741): CodeIgniter\Database\MySQLi\Connection->execute('DELETE FROM `pr...')
#2 C:\xampp\htdocs\crud_ci4\system\Database\BaseConnection.php(669): CodeIgniter\Database\BaseConnection->simpleQuery('DELETE FROM `pr...')
#3 C:\xampp\htdocs\crud_ci4\system\Database\BaseBuilder.php(2853): CodeIgniter\Database\BaseConnection->query('DELETE FROM `pr...', Array, false)
#4 C:\xampp\htdocs\crud_ci4\app\Models\ProductModel.php(41): CodeIgniter\Database\BaseBuilder->delete('product')
#5 C:\xampp\htdocs\crud_ci4\app\Controllers\Product.php(84): App\Models\ProductModel->delete_product('5')
#6 C:\xampp\htdocs\crud_ci4\system\CodeIgniter.php(918): App\Controllers\Product->delete('5')
#7 C:\xampp\htdocs\crud_ci4\system\CodeIgniter.php(404): CodeIgniter\CodeIgniter->runController(Object(App\Controllers\Product))
#8 C:\xampp\htdocs\crud_ci4\system\CodeIgniter.php(312): CodeIgniter\CodeIgniter->handleRequest(NULL, Object(Config\Cache), false)
#9 C:\xampp\htdocs\crud_ci4\public\index.php(45): CodeIgniter\CodeIgniter->run()
#10 C:\xampp\htdocs\crud_ci4\system\Commands\Server\rewrite.php(34): require_once('C:\\xampp\\htdocs...')
#11 {main}
